<?xml version="1.0" encoding="UTF-8"?>
<coverage generated="1655625825074" clover="3.2.0">
  <project timestamp="1655625825074" name="All files">
    <metrics statements="29" coveredstatements="27" conditionals="4" coveredconditionals="3" methods="3" coveredmethods="3" elements="36" coveredelements="33" complexity="0" loc="29" ncloc="29" packages="1" files="3" classes="3"/>
    <file name="convert.ts" path="/Users/jeffreymendez/Code/@a11ywatch/base64-to-tensor/src/convert.ts">
      <metrics statements="11" coveredstatements="10" conditionals="1" coveredconditionals="0" methods="1" coveredmethods="1"/>
      <line num="1" count="1" type="stmt"/>
      <line num="2" count="1" type="stmt"/>
      <line num="10" count="1" type="stmt"/>
      <line num="11" count="1" type="cond" truecount="0" falsecount="1"/>
      <line num="12" count="0" type="stmt"/>
      <line num="14" count="1" type="stmt"/>
      <line num="15" count="1" type="stmt"/>
      <line num="16" count="1" type="stmt"/>
      <line num="18" count="1" type="stmt"/>
      <line num="19" count="20076" type="stmt"/>
      <line num="22" count="1" type="stmt"/>
    </file>
    <file name="decode.ts" path="/Users/jeffreymendez/Code/@a11ywatch/base64-to-tensor/src/decode.ts">
      <metrics statements="12" coveredstatements="12" conditionals="1" coveredconditionals="1" methods="1" coveredmethods="1"/>
      <line num="1" count="1" type="stmt"/>
      <line num="2" count="1" type="stmt"/>
      <line num="4" count="1" type="cond" truecount="1" falsecount="0"/>
      <line num="5" count="1" type="stmt"/>
      <line num="6" count="1" type="stmt"/>
      <line num="8" count="1" type="stmt"/>
      <line num="10" count="1" type="stmt"/>
      <line num="11" count="56700" type="stmt"/>
      <line num="12" count="56700" type="stmt"/>
      <line num="13" count="56700" type="stmt"/>
      <line num="15" count="56700" type="stmt"/>
      <line num="18" count="1" type="stmt"/>
    </file>
    <file name="trim-base64.ts" path="/Users/jeffreymendez/Code/@a11ywatch/base64-to-tensor/src/trim-base64.ts">
      <metrics statements="6" coveredstatements="5" conditionals="2" coveredconditionals="2" methods="1" coveredmethods="1"/>
      <line num="2" count="1" type="stmt"/>
      <line num="3" count="1" type="cond" truecount="1" falsecount="0"/>
      <line num="4" count="1" type="stmt"/>
      <line num="6" count="1" type="cond" truecount="1" falsecount="0"/>
      <line num="7" count="1" type="stmt"/>
      <line num="10" count="0" type="stmt"/>
    </file>
  </project>
</coverage>
