{"/Users/jeffreymendez/Code/@a11ywatch/base64-to-tensor/src/convert.ts": {"path":"/Users/jeffreymendez/Code/@a11ywatch/base64-to-tensor/src/convert.ts","statementMap":{"0":{"start":{"line":1,"column":46},"end":{"line":1,"column":null}},"1":{"start":{"line":2,"column":38},"end":{"line":2,"column":null}},"2":{"start":{"line":10,"column":23},"end":{"line":23,"column":1}},"3":{"start":{"line":11,"column":2},"end":{"line":13,"column":null}},"4":{"start":{"line":12,"column":4},"end":{"line":12,"column":16}},"5":{"start":{"line":14,"column":23},"end":{"line":14,"column":68}},"6":{"start":{"line":15,"column":22},"end":{"line":15,"column":58}},"7":{"start":{"line":16,"column":21},"end":{"line":16,"column":48}},"8":{"start":{"line":18,"column":2},"end":{"line":20,"column":null}},"9":{"start":{"line":18,"column":15},"end":{"line":18,"column":16}},"10":{"start":{"line":19,"column":4},"end":{"line":19,"column":36}},"11":{"start":{"line":22,"column":2},"end":{"line":22,"column":33}},"12":{"start":{"line":10,"column":13},"end":{"line":10,"column":23}}},"fnMap":{"0":{"name":"(anonymous_0)","decl":{"start":{"line":10,"column":23},"end":{"line":10,"column":24}},"loc":{"start":{"line":10,"column":43},"end":{"line":23,"column":1}}}},"branchMap":{"0":{"loc":{"start":{"line":11,"column":2},"end":{"line":13,"column":null}},"type":"if","locations":[{"start":{"line":11,"column":2},"end":{"line":13,"column":null}}]}},"s":{"0":1,"1":1,"2":1,"3":1,"4":0,"5":1,"6":1,"7":1,"8":1,"9":1,"10":20076,"11":1,"12":1},"f":{"0":1},"b":{"0":[0]}}
,"/Users/jeffreymendez/Code/@a11ywatch/base64-to-tensor/src/decode.ts": {"path":"/Users/jeffreymendez/Code/@a11ywatch/base64-to-tensor/src/decode.ts","statementMap":{"0":{"start":{"line":1,"column":48},"end":{"line":1,"column":null}},"1":{"start":{"line":2,"column":32},"end":{"line":2,"column":null}},"2":{"start":{"line":4,"column":27},"end":{"line":19,"column":1}},"3":{"start":{"line":5,"column":34},"end":{"line":5,"column":71}},"4":{"start":{"line":6,"column":17},"end":{"line":6,"column":51}},"5":{"start":{"line":8,"column":15},"end":{"line":8,"column":16}},"6":{"start":{"line":10,"column":2},"end":{"line":16,"column":null}},"7":{"start":{"line":10,"column":15},"end":{"line":10,"column":16}},"8":{"start":{"line":11,"column":4},"end":{"line":11,"column":29}},"9":{"start":{"line":12,"column":4},"end":{"line":12,"column":37}},"10":{"start":{"line":13,"column":4},"end":{"line":13,"column":37}},"11":{"start":{"line":15,"column":4},"end":{"line":15,"column":16}},"12":{"start":{"line":18,"column":2},"end":{"line":18,"column":53}},"13":{"start":{"line":4,"column":13},"end":{"line":4,"column":27}}},"fnMap":{"0":{"name":"(anonymous_0)","decl":{"start":{"line":4,"column":27},"end":{"line":4,"column":28}},"loc":{"start":{"line":4,"column":78},"end":{"line":19,"column":1}}}},"branchMap":{"0":{"loc":{"start":{"line":4,"column":50},"end":{"line":4,"column":73}},"type":"default-arg","locations":[{"start":{"line":4,"column":72},"end":{"line":4,"column":73}}]}},"s":{"0":1,"1":1,"2":1,"3":1,"4":1,"5":1,"6":1,"7":1,"8":56700,"9":56700,"10":56700,"11":56700,"12":1,"13":1},"f":{"0":1},"b":{"0":[1]}}
,"/Users/jeffreymendez/Code/@a11ywatch/base64-to-tensor/src/trim-base64.ts": {"path":"/Users/jeffreymendez/Code/@a11ywatch/base64-to-tensor/src/trim-base64.ts","statementMap":{"0":{"start":{"line":2,"column":30},"end":{"line":11,"column":1}},"1":{"start":{"line":3,"column":2},"end":{"line":9,"column":null}},"2":{"start":{"line":4,"column":17},"end":{"line":4,"column":32}},"3":{"start":{"line":6,"column":4},"end":{"line":8,"column":null}},"4":{"start":{"line":7,"column":6},"end":{"line":7,"column":21}},"5":{"start":{"line":10,"column":2},"end":{"line":10,"column":12}},"6":{"start":{"line":2,"column":13},"end":{"line":2,"column":30}}},"fnMap":{"0":{"name":"(anonymous_0)","decl":{"start":{"line":2,"column":30},"end":{"line":2,"column":31}},"loc":{"start":{"line":2,"column":48},"end":{"line":11,"column":1}}}},"branchMap":{"0":{"loc":{"start":{"line":3,"column":2},"end":{"line":9,"column":null}},"type":"if","locations":[{"start":{"line":3,"column":2},"end":{"line":9,"column":null}}]},"1":{"loc":{"start":{"line":6,"column":4},"end":{"line":8,"column":null}},"type":"if","locations":[{"start":{"line":6,"column":4},"end":{"line":8,"column":null}}]}},"s":{"0":1,"1":1,"2":1,"3":1,"4":1,"5":0,"6":1},"f":{"0":1},"b":{"0":[1],"1":[1]}}
}
